 ==> Running build command 'pip install -r requirements.txt'...
Apr 13 01:08:31 PM  Collecting Flask
Apr 13 01:08:31 PM    Downloading Flask-2.2.3-py3-none-any.whl (101 kB)
Apr 13 01:08:31 PM  Collecting requests
Apr 13 01:08:31 PM    Downloading requests-2.28.2-py3-none-any.whl (62 kB)
Apr 13 01:08:31 PM  Collecting python-dotenv
Apr 13 01:08:31 PM    Downloading python_dotenv-0.21.1-py3-none-any.whl (19 kB)
Apr 13 01:08:31 PM  Collecting importlib-metadata>=3.6.0; python_version < "3.10"
Apr 13 01:08:31 PM    Downloading importlib_metadata-6.3.0-py3-none-any.whl (22 kB)
Apr 13 01:08:31 PM  Collecting itsdangerous>=2.0
Apr 13 01:08:31 PM    Downloading itsdangerous-2.1.2-py3-none-any.whl (15 kB)
Apr 13 01:08:31 PM  Collecting Jinja2>=3.0
Apr 13 01:08:31 PM    Downloading Jinja2-3.1.2-py3-none-any.whl (133 kB)
Apr 13 01:08:31 PM  Collecting click>=8.0
Apr 13 01:08:31 PM    Downloading click-8.1.3-py3-none-any.whl (96 kB)
Apr 13 01:08:32 PM  Collecting Werkzeug>=2.2.2
Apr 13 01:08:32 PM    Downloading Werkzeug-2.2.3-py3-none-any.whl (233 kB)
Apr 13 01:08:32 PM  Collecting charset-normalizer<4,>=2
Apr 13 01:08:32 PM    Downloading charset_normalizer-3.1.0-cp37-cp37m-manylinux_2_17_x86_64.manylinux2014_x86_64.whl (171 kB)
Apr 13 01:08:32 PM  Collecting certifi>=2017.4.17
Apr 13 01:08:32 PM    Downloading certifi-2022.12.7-py3-none-any.whl (155 kB)
Apr 13 01:08:32 PM  Collecting urllib3<1.27,>=1.21.1
Apr 13 01:08:32 PM    Downloading urllib3-1.26.15-py2.py3-none-any.whl (140 kB)
Apr 13 01:08:32 PM  Collecting idna<4,>=2.5
Apr 13 01:08:32 PM    Downloading idna-3.4-py3-none-any.whl (61 kB)
Apr 13 01:08:32 PM  Collecting typing-extensions>=3.6.4; python_version < "3.8"
Apr 13 01:08:32 PM    Downloading typing_extensions-4.5.0-py3-none-any.whl (27 kB)
Apr 13 01:08:32 PM  Collecting zipp>=0.5
Apr 13 01:08:32 PM    Downloading zipp-3.15.0-py3-none-any.whl (6.8 kB)
Apr 13 01:08:32 PM  Collecting MarkupSafe>=2.0
Apr 13 01:08:32 PM    Downloading MarkupSafe-2.1.2-cp37-cp37m-manylinux_2_17_x86_64.manylinux2014_x86_64.whl (25 kB)
Apr 13 01:08:33 PM  Installing collected packages: typing-extensions, zipp, importlib-metadata, itsdangerous, MarkupSafe, Jinja2, click, Werkzeug, Flask, charset-normalizer, certifi, urllib3, idna, requests, python-dotenv
Apr 13 01:08:34 PM  Successfully installed Flask-2.2.3 Jinja2-3.1.2 MarkupSafe-2.1.2 Werkzeug-2.2.3 certifi-2022.12.7 charset-normalizer-3.1.0 click-8.1.3 idna-3.4 importlib-metadata-6.3.0 itsdangerous-2.1.2 python-dotenv-0.21.1 requests-2.28.2 typing-extensions-4.5.0 urllib3-1.26.15 zipp-3.15.0
Apr 13 01:08:34 PM  WARNING: You are using pip version 20.1.1; however, version 23.0.1 is available.
Apr 13 01:08:34 PM  You should consider upgrading via the '/opt/render/project/src/.venv/bin/python -m pip install --upgrade pip' command.
Apr 13 01:08:34 PM  ==> Generating container image from build. This may take a few minutes...
Apr 13 01:09:42 PM  ==> Uploading build...
